<?xml version="1.0" encoding="UTF-8"?>
<!-- Generated by org.testng.reporters.JUnitReportReporter -->
<testsuite hostname="IT-00000001" failures="0" tests="1" name="tests.LoginTests" time="15.500" errors="0" timestamp="30 Oct 2018 07:57:03 GMT">
  <testcase classname="tests.LoginTests" name="SucessfulLogin" time="15.500"/>
</testsuite> <!-- tests.LoginTests -->
